mode: set
flhansen/fitter-login-service/src/loginservice/loginservice.go:36.138,47.2 4 1
flhansen/fitter-login-service/src/loginservice/loginservice.go:49.44,59.2 2 1
flhansen/fitter-login-service/src/loginservice/loginservice.go:61.47,63.2 1 1
flhansen/fitter-login-service/src/loginservice/loginservice.go:65.44,67.2 1 1
flhansen/fitter-login-service/src/loginservice/loginservice.go:69.52,72.2 2 1
flhansen/fitter-login-service/src/loginservice/routes.go:26.76,28.2 1 1
flhansen/fitter-login-service/src/loginservice/routes.go:30.100,36.32 2 1
flhansen/fitter-login-service/src/loginservice/routes.go:42.2,44.37 3 1
flhansen/fitter-login-service/src/loginservice/routes.go:36.32,37.30 1 1
flhansen/fitter-login-service/src/loginservice/routes.go:37.30,39.4 1 1
flhansen/fitter-login-service/src/loginservice/routes.go:47.104,49.65 2 1
flhansen/fitter-login-service/src/loginservice/routes.go:54.2,55.16 2 1
flhansen/fitter-login-service/src/loginservice/routes.go:60.2,60.103 1 1
flhansen/fitter-login-service/src/loginservice/routes.go:65.2,69.4 2 1
flhansen/fitter-login-service/src/loginservice/routes.go:49.65,52.3 2 1
flhansen/fitter-login-service/src/loginservice/routes.go:55.16,58.3 2 1
flhansen/fitter-login-service/src/loginservice/routes.go:60.103,63.3 2 1
flhansen/fitter-login-service/src/loginservice/routes.go:72.107,74.65 2 1
flhansen/fitter-login-service/src/loginservice/routes.go:79.2,80.16 2 1
flhansen/fitter-login-service/src/loginservice/routes.go:85.2,86.16 2 1
flhansen/fitter-login-service/src/loginservice/routes.go:91.2,97.16 2 1
flhansen/fitter-login-service/src/loginservice/routes.go:102.2,104.4 1 1
flhansen/fitter-login-service/src/loginservice/routes.go:74.65,77.3 2 1
flhansen/fitter-login-service/src/loginservice/routes.go:80.16,83.3 2 1
flhansen/fitter-login-service/src/loginservice/routes.go:86.16,89.3 2 1
flhansen/fitter-login-service/src/loginservice/routes.go:97.16,100.3 2 1
flhansen/fitter-login-service/src/repository/account_repository.go:31.132,38.2 3 1
flhansen/fitter-login-service/src/repository/account_repository.go:40.76,46.2 4 1
flhansen/fitter-login-service/src/repository/account_repository.go:48.72,54.2 4 1
flhansen/fitter-login-service/src/repository/account_repository.go:56.87,62.2 4 1
flhansen/fitter-login-service/src/repository/account_repository.go:64.64,70.2 4 1
flhansen/fitter-login-service/src/repository/account_repository.go:72.55,75.2 2 1
flhansen/fitter-login-service/src/security/security.go:27.35,29.2 1 1
flhansen/fitter-login-service/src/security/security.go:31.111,43.2 4 1
flhansen/fitter-login-service/src/security/security.go:45.70,47.2 1 1
